<?xml version="1.0" encoding="UTF-8"?>
<!-- Generated by org.testng.reporters.JUnitXMLReporter -->
<testsuite ignored="0" hostname="Apples-MacBook-Air.local" failures="0" tests="1" name="Test" time="0.048" errors="0" timestamp="08 Jan 2019 18:07:59 GMT">
  <testcase classname="com.bshow.id.MovieBooking" name="@BeforeTest beforeTest" time="0.014">
    <failure type="java.io.FileNotFoundException" message="D:/Automation/SeleniumWeb/src/main/java/resource/data.properties (No such file or directory)">
      <![CDATA[java.io.FileNotFoundException: D:/Automation/SeleniumWeb/src/main/java/resource/data.properties (No such file or directory)
at java.base/java.io.FileInputStream.open0(Native Method)
at java.base/java.io.FileInputStream.open(FileInputStream.java:219)
at java.base/java.io.FileInputStream.<init>(FileInputStream.java:157)
at java.base/java.io.FileInputStream.<init>(FileInputStream.java:112)
at resource.Base.initializeDriver(Base.java:26)
at com.bshow.id.MovieBooking.beforeTest(MovieBooking.java:49)
... Removed 24 stack frames]]>
    </failure>
  </testcase> <!-- @BeforeTest beforeTest -->
  <testcase classname="com.bshow.id.MovieBooking" name="@AfterTest afterTest" time="0.0">
    <skipped/>
  </testcase> <!-- @AfterTest afterTest -->
  <testcase classname="com.bshow.id.MovieBooking" name="webMovieBooking" time="0.0">
    <skipped/>
  </testcase> <!-- webMovieBooking -->
</testsuite> <!-- Test -->
