<?xml version="1.0" encoding="UTF-8"?>
<testng-results skipped="0" failed="0" ignored="0" total="1" passed="1">
  <reporter-output>
  </reporter-output>
  <suite name="Suite" duration-ms="24480" started-at="2019-01-23T11:17:30Z" finished-at="2019-01-23T11:17:54Z">
    <groups>
    </groups>
    <test name="Test" duration-ms="24480" started-at="2019-01-23T11:17:30Z" finished-at="2019-01-23T11:17:54Z">
      <class name="com.puma.in.PlaceOrderTest">
        <test-method status="PASS" signature="beforeTest()[pri:0, instance:com.puma.in.PlaceOrderTest@6ab778a]" name="beforeTest" is-config="true" duration-ms="1883" started-at="2019-01-23T11:17:30Z" finished-at="2019-01-23T11:17:32Z">
          <reporter-output>
          </reporter-output>
        </test-method> <!-- beforeTest -->
        <test-method status="PASS" signature="pumaBooking()[pri:0, instance:com.puma.in.PlaceOrderTest@6ab778a]" name="pumaBooking" duration-ms="21954" started-at="2019-01-23T11:17:32Z" finished-at="2019-01-23T11:17:54Z">
          <reporter-output>
          </reporter-output>
        </test-method> <!-- pumaBooking -->
        <test-method status="PASS" signature="afterTest()[pri:0, instance:com.puma.in.PlaceOrderTest@6ab778a]" name="afterTest" is-config="true" duration-ms="102" started-at="2019-01-23T11:17:54Z" finished-at="2019-01-23T11:17:54Z">
          <reporter-output>
          </reporter-output>
        </test-method> <!-- afterTest -->
      </class> <!-- com.puma.in.PlaceOrderTest -->
    </test> <!-- Test -->
  </suite> <!-- Suite -->
</testng-results>
